#
# There is insufficient memory for the Java Runtime Environment to continue.
# Native memory allocation (malloc) failed to allocate 1048576 bytes. Error detail: AllocateHeap
# Possible reasons:
#   The system is out of physical RAM or swap space
#   This process is running with CompressedOops enabled, and the Java Heap may be blocking the growth of the native heap
# Possible solutions:
#   Reduce memory load on the system
#   Increase physical memory or swap space
#   Check if swap backing store is full
#   Decrease Java heap size (-Xmx/-Xms)
#   Decrease number of Java threads
#   Decrease Java thread stack sizes (-Xss)
#   Set larger code cache with -XX:ReservedCodeCacheSize=
#   JVM is running with Unscaled Compressed Oops mode in which the Java heap is
#     placed in the first 4GB address space. The Java Heap base address is the
#     maximum limit for the native heap growth. Please use -XX:HeapBaseMinAddress
#     to set the Java Heap base and to place the Java Heap above 4GB virtual address.
# This output file may be truncated or incomplete.
#
#  Out of Memory Error (allocation.cpp:44), pid=27680, tid=25568
#
# JRE version: OpenJDK Runtime Environment Temurin-21.0.10+7 (21.0.10+7) (build 21.0.10+7-LTS)
# Java VM: OpenJDK 64-Bit Server VM Temurin-21.0.10+7 (21.0.10+7-LTS, mixed mode, sharing, tiered, compressed oops, compressed class ptrs, parallel gc, windows-amd64)
# No core dump will be written. Minidumps are not enabled by default on client versions of Windows
#

---------------  S U M M A R Y ------------

Command Line: --add-modules=ALL-SYSTEM --add-opens=java.base/java.util=ALL-UNNAMED --add-opens=java.base/java.lang=ALL-UNNAMED --add-opens=java.base/sun.nio.fs=ALL-UNNAMED -Declipse.application=org.eclipse.jdt.ls.core.id1 -Dosgi.bundles.defaultStartLevel=4 -Declipse.product=org.eclipse.jdt.ls.core.product -Djava.import.generatesMetadataFilesAtProjectRoot=false -DDetectVMInstallationsJob.disabled=true -Dfile.encoding=utf8 -Xlog:disable -XX:+UseParallelGC -XX:GCTimeRatio=4 -XX:AdaptiveSizePolicyWeight=90 -Dsun.zip.disableMemoryMapping=true -Xmx1G -Xms100m -javaagent:c:\Users\sandy\.vscode\extensions\redhat.java-1.53.0-win32-x64\lombok\lombok-1.18.39-4050.jar -XX:+HeapDumpOnOutOfMemoryError -XX:HeapDumpPath=c:\Users\sandy\AppData\Roaming\Code\User\workspaceStorage\d66c76ac65fe96705e3de1799fe19fe2\redhat.java -Daether.dependencyCollector.impl=bf c:\Users\sandy\.vscode\extensions\redhat.java-1.53.0-win32-x64\server\plugins\org.eclipse.equinox.launcher_1.7.100.v20251111-0406.jar -configuration c:\Users\sandy\AppData\Roaming\Code\User\globalStorage\redhat.java\1.53.0\config_win -data c:\Users\sandy\AppData\Roaming\Code\User\workspaceStorage\d66c76ac65fe96705e3de1799fe19fe2\redhat.java\jdt_ws --pipe=\\.\pipe\lsp-fec0f5847952b27e1cbede7414236a3e-sock

Host: Intel(R) Core(TM) i7-8550U CPU @ 1.80GHz, 8 cores, 7G,  Windows 11 , 64 bit Build 22621 (10.0.22621.5415)
Time: Fri Mar 13 02:47:05 2026 India Standard Time elapsed time: 1158.329228 seconds (0d 0h 19m 18s)

---------------  T H R E A D  ---------------

Current thread (0x00000210ea5ddf70):  JavaThread "Attach Listener" daemon [_thread_in_vm, id=25568, stack(0x000000305f300000,0x000000305f400000) (1024K)]

Stack: [0x000000305f300000,0x000000305f400000]
Native frames: (J=compiled Java code, j=interpreted, Vv=VM code, C=native code)
V  [jvm.dll+0x6d7a39]
V  [jvm.dll+0x8b4b26]
V  [jvm.dll+0x8b70de]
V  [jvm.dll+0x8b77c3]
V  [jvm.dll+0x284346]
V  [jvm.dll+0xc1277]
V  [jvm.dll+0x6d82e9]
V  [jvm.dll+0x1334a6]
V  [jvm.dll+0x3f857e]
V  [jvm.dll+0x85f59d]
V  [jvm.dll+0x6d626d]
C  [ucrtbase.dll+0x29333]
C  [KERNEL32.DLL+0x1259d]
C  [ntdll.dll+0x5af78]


---------------  P R O C E S S  ---------------

Threads class SMR info:
_java_thread_list=0x00000210f1b79700, length=38, elements={
0x00000210d6220050, 0x00000210ea5da650, 0x00000210ea5dbd00, 0x00000210ea5dcfb0,
0x00000210ea5ddf70, 0x00000210ea5e48f0, 0x00000210ea5e5480, 0x00000210ea5ec430,
0x00000210ea5ecf80, 0x00000210f01e0bc0, 0x00000210f02f4a20, 0x00000210f0c4c970,
0x00000210f0c1a0e0, 0x00000210f0a82ba0, 0x00000210f0a83210, 0x00000210f13bca00,
0x00000210f1220800, 0x00000210f0e27280, 0x00000210f05dac30, 0x00000210f05dcd00,
0x00000210f05da5a0, 0x00000210f05db950, 0x00000210f414e8e0, 0x00000210f4148d00,
0x00000210f414a740, 0x00000210f414f600, 0x00000210f414d530, 0x00000210f414ef70,
0x00000210f414baf0, 0x00000210f414cea0, 0x00000210f414c180, 0x00000210f4150320,
0x00000210f414fc90, 0x00000210f414c810, 0x00000210f11b0740, 0x00000210f0d56640,
0x00000210f0d54570, 0x00000210f0d56cd0
}

Java Threads: ( => current thread )
  0x00000210d6220050 JavaThread "main"                              [_thread_blocked, id=15952, stack(0x000000305ec00000,0x000000305ed00000) (1024K)]
  0x00000210ea5da650 JavaThread "Reference Handler"          daemon [_thread_blocked, id=21584, stack(0x000000305f000000,0x000000305f100000) (1024K)]
  0x00000210ea5dbd00 JavaThread "Finalizer"                  daemon [_thread_blocked, id=12504, stack(0x000000305f100000,0x000000305f200000) (1024K)]
  0x00000210ea5dcfb0 JavaThread "Signal Dispatcher"          daemon [_thread_blocked, id=13756, stack(0x000000305f200000,0x000000305f300000) (1024K)]
=>0x00000210ea5ddf70 JavaThread "Attach Listener"            daemon [_thread_in_vm, id=25568, stack(0x000000305f300000,0x000000305f400000) (1024K)]
  0x00000210ea5e48f0 JavaThread "Service Thread"             daemon [_thread_blocked, id=26064, stack(0x000000305f400000,0x000000305f500000) (1024K)]
  0x00000210ea5e5480 JavaThread "Monitor Deflation Thread"   daemon [_thread_blocked, id=10260, stack(0x000000305f500000,0x000000305f600000) (1024K)]
  0x00000210ea5ec430 JavaThread "C2 CompilerThread0"         daemon [_thread_blocked, id=18108, stack(0x000000305f600000,0x000000305f700000) (1024K)]
  0x00000210ea5ecf80 JavaThread "C1 CompilerThread0"         daemon [_thread_blocked, id=2208, stack(0x000000305f700000,0x000000305f800000) (1024K)]
  0x00000210f01e0bc0 JavaThread "Common-Cleaner"             daemon [_thread_blocked, id=23296, stack(0x000000305f800000,0x000000305f900000) (1024K)]
  0x00000210f02f4a20 JavaThread "Notification Thread"        daemon [_thread_blocked, id=8380, stack(0x000000305f900000,0x000000305fa00000) (1024K)]
  0x00000210f0c4c970 JavaThread "Active Thread: Equinox Container: e880fa4b-ab4d-4bee-94ba-61d3e140dda8"        [_thread_blocked, id=8344, stack(0x0000003060200000,0x0000003060300000) (1024K)]
  0x00000210f0c1a0e0 JavaThread "Refresh Thread: Equinox Container: e880fa4b-ab4d-4bee-94ba-61d3e140dda8" daemon [_thread_blocked, id=28332, stack(0x0000003060300000,0x0000003060400000) (1024K)]
  0x00000210f0a82ba0 JavaThread "Framework Event Dispatcher: Equinox Container: e880fa4b-ab4d-4bee-94ba-61d3e140dda8" daemon [_thread_blocked, id=28692, stack(0x0000003060400000,0x0000003060500000) (1024K)]
  0x00000210f0a83210 JavaThread "Start Level: Equinox Container: e880fa4b-ab4d-4bee-94ba-61d3e140dda8" daemon [_thread_blocked, id=6172, stack(0x0000003060500000,0x0000003060600000) (1024K)]
  0x00000210f13bca00 JavaThread "Bundle File Closer"         daemon [_thread_blocked, id=28568, stack(0x0000003060700000,0x0000003060800000) (1024K)]
  0x00000210f1220800 JavaThread "SCR Component Actor"        daemon [_thread_blocked, id=5096, stack(0x000000305fa00000,0x000000305fb00000) (1024K)]
  0x00000210f0e27280 JavaThread "Worker-JM"                         [_thread_blocked, id=13140, stack(0x0000003060900000,0x0000003060a00000) (1024K)]
  0x00000210f05dac30 JavaThread "JNA Cleaner"                daemon [_thread_blocked, id=26748, stack(0x0000003060600000,0x0000003060700000) (1024K)]
  0x00000210f05dcd00 JavaThread "Worker-2"                          [_thread_blocked, id=16136, stack(0x0000003060d00000,0x0000003060e00000) (1024K)]
  0x00000210f05da5a0 JavaThread "Java indexing"              daemon [_thread_blocked, id=30320, stack(0x0000003060e00000,0x0000003060f00000) (1024K)]
  0x00000210f05db950 JavaThread "Worker-3"                          [_thread_blocked, id=29048, stack(0x0000003060f00000,0x0000003061000000) (1024K)]
  0x00000210f414e8e0 JavaThread "Thread-1"                   daemon [_thread_in_native, id=21424, stack(0x0000003061400000,0x0000003061500000) (1024K)]
  0x00000210f4148d00 JavaThread "Thread-2"                   daemon [_thread_in_native, id=29076, stack(0x0000003061500000,0x0000003061600000) (1024K)]
  0x00000210f414a740 JavaThread "Thread-3"                   daemon [_thread_in_native, id=27560, stack(0x0000003061600000,0x0000003061700000) (1024K)]
  0x00000210f414f600 JavaThread "Thread-4"                   daemon [_thread_in_native, id=23564, stack(0x0000003061700000,0x0000003061800000) (1024K)]
  0x00000210f414d530 JavaThread "Thread-5"                   daemon [_thread_in_native, id=164, stack(0x0000003061800000,0x0000003061900000) (1024K)]
  0x00000210f414ef70 JavaThread "Thread-6"                   daemon [_thread_in_native, id=23548, stack(0x0000003061900000,0x0000003061a00000) (1024K)]
  0x00000210f414baf0 JavaThread "Thread-7"                   daemon [_thread_in_native, id=32344, stack(0x0000003061a00000,0x0000003061b00000) (1024K)]
  0x00000210f414cea0 JavaThread "Thread-8"                   daemon [_thread_in_native, id=19208, stack(0x0000003061b00000,0x0000003061c00000) (1024K)]
  0x00000210f414c180 JavaThread "Thread-9"                   daemon [_thread_in_native, id=8652, stack(0x0000003061c00000,0x0000003061d00000) (1024K)]
  0x00000210f4150320 JavaThread "pool-2-thread-1"                   [_thread_blocked, id=27068, stack(0x0000003061d00000,0x0000003061e00000) (1024K)]
  0x00000210f414fc90 JavaThread "WorkspaceEventsHandler"            [_thread_blocked, id=22336, stack(0x0000003061e00000,0x0000003061f00000) (1024K)]
  0x00000210f414c810 JavaThread "pool-1-thread-1"                   [_thread_blocked, id=30516, stack(0x0000003061f00000,0x0000003062000000) (1024K)]
  0x00000210f11b0740 JavaThread "Cleaner-0"                  daemon [_thread_blocked, id=27488, stack(0x0000003060c00000,0x0000003060d00000) (1024K)]
  0x00000210f0d56640 JavaThread "Java Debug Server"          daemon [_thread_in_native, id=29428, stack(0x0000003062500000,0x0000003062600000) (1024K)]
  0x00000210f0d54570 JavaThread "RxSchedulerPurge-1"         daemon [_thread_blocked, id=31512, stack(0x0000003063400000,0x0000003063500000) (1024K)]
  0x00000210f0d56cd0 JavaThread "RxCachedWorkerPoolEvictor-1" daemon [_thread_blocked, id=27328, stack(0x0000003063500000,0x0000003063600000) (1024K)]
Total: 38

Other Threads:
  0x00000210d62bac10 VMThread "VM Thread"                           [id=31516, stack(0x000000305ef00000,0x000000305f000000) (1024K)]
  0x00000210ea4eca00 WatcherThread "VM Periodic Task Thread"        [id=19876, stack(0x000000305ee00000,0x000000305ef00000) (1024K)]
  0x00000210d623e690 WorkerThread "GC Thread#0"                     [id=16140, stack(0x000000305ed00000,0x000000305ee00000) (1024K)]
  0x00000210f06312f0 WorkerThread "GC Thread#1"                     [id=18272, stack(0x000000305fc00000,0x000000305fd00000) (1024K)]
  0x00000210f06316a0 WorkerThread "GC Thread#2"                     [id=21752, stack(0x000000305fd00000,0x000000305fe00000) (1024K)]
  0x00000210f0631a50 WorkerThread "GC Thread#3"                     [id=19692, stack(0x000000305fe00000,0x000000305ff00000) (1024K)]
  0x00000210f0635fa0 WorkerThread "GC Thread#4"                     [id=2236, stack(0x000000305ff00000,0x0000003060000000) (1024K)]
  0x00000210f0636350 WorkerThread "GC Thread#5"                     [id=3340, stack(0x0000003060000000,0x0000003060100000) (1024K)]
  0x00000210f0636700 WorkerThread "GC Thread#6"                     [id=23100, stack(0x0000003060100000,0x0000003060200000) (1024K)]
  0x00000210f077a370 WorkerThread "GC Thread#7"                     [id=8224, stack(0x000000305fb00000,0x000000305fc00000) (1024K)]
Total: 10

Threads with active compile tasks:
Total: 0

VM state: not at safepoint (normal execution)

VM Mutex/Monitor currently owned by a thread: None

Heap address: 0x00000000c0000000, size: 1024 MB, Compressed Oops mode: 32-bit

CDS archive(s) mapped at: [0x0000021080000000-0x0000021080ba0000-0x0000021080ba0000), size 12189696, SharedBaseAddress: 0x0000021080000000, ArchiveRelocationMode: 1.
Compressed class space mapped at: 0x0000021081000000-0x00000210c1000000, reserved size: 1073741824
Narrow klass base: 0x0000021080000000, Narrow klass shift: 0, Narrow klass range: 0x100000000

GC Precious Log:
 CardTable entry size: 512
 CPUs: 8 total, 8 available
 Memory: 8088M
 Large Page Support: Disabled
 NUMA Support: Disabled
 Compressed Oops: Enabled (32-bit)
 Alignments: Space 512K, Generation 512K, Heap 2M
 Heap Min Capacity: 100M
 Heap Initial Capacity: 100M
 Heap Max Capacity: 1G
 Pre-touch: Disabled
 Parallel Workers: 8

Heap:
 PSYoungGen      total 3072K, used 1215K [0x00000000eab00000, 0x00000000eaf00000, 0x0000000100000000)
  eden space 2048K, 42% used [0x00000000eab00000,0x00000000eabd7f68,0x00000000ead00000)
  from space 1024K, 34% used [0x00000000ead00000,0x00000000ead58000,0x00000000eae00000)
  to   space 1024K, 0% used [0x00000000eae00000,0x00000000eae00000,0x00000000eaf00000)
 ParOldGen       total 392704K, used 191526K [0x00000000c0000000, 0x00000000d7f80000, 0x00000000eab00000)
  object space 392704K, 48% used [0x00000000c0000000,0x00000000cbb09b48,0x00000000d7f80000)
 Metaspace       used 86508K, committed 88320K, reserved 1179648K
  class space    used 9239K, committed 10048K, reserved 1048576K

Card table byte_map: [0x00000210d5be0000,0x00000210d5df0000] _byte_map_base: 0x00000210d55e0000

Marking Bits: (ParMarkBitMap*) 0x00007ff874ae3450
 Begin Bits: [0x00000210e8410000, 0x00000210e9410000)
 End Bits:   [0x00000210e9410000, 0x00000210ea410000)

Polling page: 0x00000210d59d0000

Metaspace:

Usage:
  Non-class:     75.46 MB used.
      Class:      9.02 MB used.
       Both:     84.48 MB used.

Virtual space:
  Non-class space:      128.00 MB reserved,      76.44 MB ( 60%) committed,  2 nodes.
      Class space:        1.00 GB reserved,       9.81 MB ( <1%) committed,  1 nodes.
             Both:        1.12 GB reserved,      86.25 MB (  7%) committed. 

Chunk freelists:
   Non-Class:  2.69 MB
       Class:  6.12 MB
        Both:  8.82 MB

MaxMetaspaceSize: unlimited
CompressedClassSpaceSize: 1.00 GB
Initial GC threshold: 21.00 MB
Current GC threshold: 141.38 MB
CDS: on
 - commit_granule_bytes: 65536.
 - commit_granule_words: 8192.
 - virtual_space_node_default_size: 8388608.
 - enlarge_chunks_in_place: 1.
 - use_allocation_guard: 0.


Internal statistics:

num_allocs_failed_limit: 11.
num_arena_births: 1490.
num_arena_deaths: 14.
num_vsnodes_births: 3.
num_vsnodes_deaths: 0.
num_space_committed: 1380.
num_space_uncommitted: 0.
num_chunks_returned_to_freelist: 25.
num_chunks_taken_from_freelist: 5609.
num_chunk_merges: 17.
num_chunk_splits: 3393.
num_chunks_enlarged: 1854.
num_inconsistent_stats: 0.

CodeHeap 'non-profiled nmethods': size=120000Kb used=13685Kb max_used=13685Kb free=106314Kb
 bounds [0x00000210e0ee0000, 0x00000210e1c40000, 0x00000210e8410000]
CodeHeap 'profiled nmethods': size=120000Kb used=38901Kb max_used=38901Kb free=81098Kb
 bounds [0x00000210d9410000, 0x00000210dba10000, 0x00000210e0940000]
CodeHeap 'non-nmethods': size=5760Kb used=1519Kb max_used=1604Kb free=4240Kb
 bounds [0x00000210e0940000, 0x00000210e0bb0000, 0x00000210e0ee0000]
CodeCache: size=245760Kb, used=54105Kb, max_used=54190Kb, free=191652Kb
 total_blobs=16722, nmethods=15878, adapters=744, full_count=0
Compilation: enabled, stopped_count=0, restarted_count=0

Compilation events (20 events):
Event: 504.564 Thread 0x00000210ea5ecf80 17423       3       java.util.IdentityHashMap$KeyIterator::next (13 bytes)
Event: 504.564 Thread 0x00000210ea5ecf80 nmethod 17423 0x00000210dba0d390 code [0x00000210dba0d560, 0x00000210dba0d800]
Event: 504.564 Thread 0x00000210ea5ecf80 17424       3       java.util.IdentityHashMap$IdentityHashMapIterator::nextIndex (72 bytes)
Event: 504.564 Thread 0x00000210ea5ecf80 nmethod 17424 0x00000210dba0d910 code [0x00000210dba0db00, 0x00000210dba0df38]
Event: 545.952 Thread 0x00000210ea5ec430 17425       4       java.util.concurrent.ConcurrentHashMap$KeyIterator::next (34 bytes)
Event: 545.955 Thread 0x00000210ea5ec430 nmethod 17425 0x00000210e1c39c10 code [0x00000210e1c39da0, 0x00000210e1c39ff8]
Event: 622.109 Thread 0x00000210ea5ecf80 17426   !   3       java.util.logging.LogManager::ensureLogManagerInitialized (144 bytes)
Event: 622.110 Thread 0x00000210ea5ecf80 nmethod 17426 0x00000210dba0e110 code [0x00000210dba0e420, 0x00000210dba0f540]
Event: 660.952 Thread 0x00000210ea5ec430 17427   !   4       java.util.concurrent.ThreadPoolExecutor::tryTerminate (177 bytes)
Event: 660.956 Thread 0x00000210ea5ec430 nmethod 17427 0x00000210e1c3a210 code [0x00000210e1c3a440, 0x00000210e1c3a838]
Event: 663.953 Thread 0x00000210ea5ec430 17428   !   4       java.util.concurrent.ThreadPoolExecutor::purge (131 bytes)
Event: 663.970 Thread 0x00000210ea5ec430 nmethod 17428 0x00000210e1c3ac90 code [0x00000210e1c3af80, 0x00000210e1c3bc70]
Event: 1028.953 Thread 0x00000210ea5ec430 17430       4       java.util.concurrent.locks.AbstractQueuedSynchronizer$Node::setStatusRelaxed (12 bytes)
Event: 1028.954 Thread 0x00000210ea5ec430 nmethod 17430 0x00000210e1c3cc90 code [0x00000210e1c3ce20, 0x00000210e1c3ceb0]
Event: 1135.952 Thread 0x00000210ea5ec430 17431       4       java.util.concurrent.ThreadPoolExecutor::beforeExecute (1 bytes)
Event: 1135.953 Thread 0x00000210ea5ec430 nmethod 17431 0x00000210e1c3cf90 code [0x00000210e1c3d120, 0x00000210e1c3d1a8]
Event: 1143.450 Thread 0x00000210ea5ec430 17432       4       java.util.concurrent.ThreadPoolExecutor::afterExecute (1 bytes)
Event: 1143.450 Thread 0x00000210ea5ec430 nmethod 17432 0x00000210e1c3d290 code [0x00000210e1c3d420, 0x00000210e1c3d4a8]
Event: 1152.550 Thread 0x00000210ea5ecf80 17433       3       java.util.concurrent.ScheduledThreadPoolExecutor::triggerTime (22 bytes)
Event: 1152.550 Thread 0x00000210ea5ecf80 nmethod 17433 0x00000210dba0fb10 code [0x00000210dba0fcc0, 0x00000210dba0fea0]

GC Heap History (20 events):
Event: 191.770 GC heap before
{Heap before GC invocations=604 (full 4):
 PSYoungGen      total 3072K, used 2304K [0x00000000eab00000, 0x00000000eae80000, 0x0000000100000000)
  eden space 2048K, 100% used [0x00000000eab00000,0x00000000ead00000,0x00000000ead00000)
  from space 1024K, 25% used [0x00000000ead00000,0x00000000ead40000,0x00000000eae00000)
  to   space 512K, 0% used [0x00000000eae00000,0x00000000eae00000,0x00000000eae80000)
 ParOldGen       total 392704K, used 189698K [0x00000000c0000000, 0x00000000d7f80000, 0x00000000eab00000)
  object space 392704K, 48% used [0x00000000c0000000,0x00000000cb9409a8,0x00000000d7f80000)
 Metaspace       used 86284K, committed 88000K, reserved 1179648K
  class space    used 9209K, committed 9984K, reserved 1048576K
}
Event: 191.771 GC heap after
{Heap after GC invocations=604 (full 4):
 PSYoungGen      total 2560K, used 128K [0x00000000eab00000, 0x00000000eae80000, 0x0000000100000000)
  eden space 2048K, 0% used [0x00000000eab00000,0x00000000eab00000,0x00000000ead00000)
  from space 512K, 25% used [0x00000000eae00000,0x00000000eae20000,0x00000000eae80000)
  to   space 512K, 0% used [0x00000000ead80000,0x00000000ead80000,0x00000000eae00000)
 ParOldGen       total 392704K, used 189818K [0x00000000c0000000, 0x00000000d7f80000, 0x00000000eab00000)
  object space 392704K, 48% used [0x00000000c0000000,0x00000000cb95e9a8,0x00000000d7f80000)
 Metaspace       used 86284K, committed 88000K, reserved 1179648K
  class space    used 9209K, committed 9984K, reserved 1048576K
}
Event: 192.339 GC heap before
{Heap before GC invocations=605 (full 4):
 PSYoungGen      total 2560K, used 2176K [0x00000000eab00000, 0x00000000eae80000, 0x0000000100000000)
  eden space 2048K, 100% used [0x00000000eab00000,0x00000000ead00000,0x00000000ead00000)
  from space 512K, 25% used [0x00000000eae00000,0x00000000eae20000,0x00000000eae80000)
  to   space 512K, 0% used [0x00000000ead80000,0x00000000ead80000,0x00000000eae00000)
 ParOldGen       total 392704K, used 189818K [0x00000000c0000000, 0x00000000d7f80000, 0x00000000eab00000)
  object space 392704K, 48% used [0x00000000c0000000,0x00000000cb95e9a8,0x00000000d7f80000)
 Metaspace       used 86289K, committed 88000K, reserved 1179648K
  class space    used 9209K, committed 9984K, reserved 1048576K
}
Event: 192.340 GC heap after
{Heap after GC invocations=605 (full 4):
 PSYoungGen      total 2560K, used 224K [0x00000000eab00000, 0x00000000eae80000, 0x0000000100000000)
  eden space 2048K, 0% used [0x00000000eab00000,0x00000000eab00000,0x00000000ead00000)
  from space 512K, 43% used [0x00000000ead80000,0x00000000eadb8000,0x00000000eae00000)
  to   space 512K, 0% used [0x00000000eae00000,0x00000000eae00000,0x00000000eae80000)
 ParOldGen       total 392704K, used 189818K [0x00000000c0000000, 0x00000000d7f80000, 0x00000000eab00000)
  object space 392704K, 48% used [0x00000000c0000000,0x00000000cb95e9a8,0x00000000d7f80000)
 Metaspace       used 86289K, committed 88000K, reserved 1179648K
  class space    used 9209K, committed 9984K, reserved 1048576K
}
Event: 194.371 GC heap before
{Heap before GC invocations=606 (full 4):
 PSYoungGen      total 2560K, used 2272K [0x00000000eab00000, 0x00000000eae80000, 0x0000000100000000)
  eden space 2048K, 100% used [0x00000000eab00000,0x00000000ead00000,0x00000000ead00000)
  from space 512K, 43% used [0x00000000ead80000,0x00000000eadb8000,0x00000000eae00000)
  to   space 512K, 0% used [0x00000000eae00000,0x00000000eae00000,0x00000000eae80000)
 ParOldGen       total 392704K, used 189818K [0x00000000c0000000, 0x00000000d7f80000, 0x00000000eab00000)
  object space 392704K, 48% used [0x00000000c0000000,0x00000000cb95e9a8,0x00000000d7f80000)
 Metaspace       used 86316K, committed 88064K, reserved 1179648K
  class space    used 9212K, committed 9984K, reserved 1048576K
}
Event: 194.372 GC heap after
{Heap after GC invocations=606 (full 4):
 PSYoungGen      total 2560K, used 192K [0x00000000eab00000, 0x00000000eae80000, 0x0000000100000000)
  eden space 2048K, 0% used [0x00000000eab00000,0x00000000eab00000,0x00000000ead00000)
  from space 512K, 37% used [0x00000000eae00000,0x00000000eae30000,0x00000000eae80000)
  to   space 512K, 0% used [0x00000000ead80000,0x00000000ead80000,0x00000000eae00000)
 ParOldGen       total 392704K, used 189818K [0x00000000c0000000, 0x00000000d7f80000, 0x00000000eab00000)
  object space 392704K, 48% used [0x00000000c0000000,0x00000000cb95e9a8,0x00000000d7f80000)
 Metaspace       used 86316K, committed 88064K, reserved 1179648K
  class space    used 9212K, committed 9984K, reserved 1048576K
}
Event: 194.826 GC heap before
{Heap before GC invocations=607 (full 4):
 PSYoungGen      total 2560K, used 2239K [0x00000000eab00000, 0x00000000eae80000, 0x0000000100000000)
  eden space 2048K, 99% used [0x00000000eab00000,0x00000000eacffdc8,0x00000000ead00000)
  from space 512K, 37% used [0x00000000eae00000,0x00000000eae30000,0x00000000eae80000)
  to   space 512K, 0% used [0x00000000ead80000,0x00000000ead80000,0x00000000eae00000)
 ParOldGen       total 392704K, used 189818K [0x00000000c0000000, 0x00000000d7f80000, 0x00000000eab00000)
  object space 392704K, 48% used [0x00000000c0000000,0x00000000cb95e9a8,0x00000000d7f80000)
 Metaspace       used 86316K, committed 88064K, reserved 1179648K
  class space    used 9212K, committed 9984K, reserved 1048576K
}
Event: 194.827 GC heap after
{Heap after GC invocations=607 (full 4):
 PSYoungGen      total 2560K, used 224K [0x00000000eab00000, 0x00000000eae80000, 0x0000000100000000)
  eden space 2048K, 0% used [0x00000000eab00000,0x00000000eab00000,0x00000000ead00000)
  from space 512K, 43% used [0x00000000ead80000,0x00000000eadb8000,0x00000000eae00000)
  to   space 512K, 0% used [0x00000000eae00000,0x00000000eae00000,0x00000000eae80000)
 ParOldGen       total 392704K, used 189874K [0x00000000c0000000, 0x00000000d7f80000, 0x00000000eab00000)
  object space 392704K, 48% used [0x00000000c0000000,0x00000000cb96c9a8,0x00000000d7f80000)
 Metaspace       used 86316K, committed 88064K, reserved 1179648K
  class space    used 9212K, committed 9984K, reserved 1048576K
}
Event: 196.421 GC heap before
{Heap before GC invocations=608 (full 4):
 PSYoungGen      total 2560K, used 2272K [0x00000000eab00000, 0x00000000eae80000, 0x0000000100000000)
  eden space 2048K, 100% used [0x00000000eab00000,0x00000000ead00000,0x00000000ead00000)
  from space 512K, 43% used [0x00000000ead80000,0x00000000eadb8000,0x00000000eae00000)
  to   space 512K, 0% used [0x00000000eae00000,0x00000000eae00000,0x00000000eae80000)
 ParOldGen       total 392704K, used 189874K [0x00000000c0000000, 0x00000000d7f80000, 0x00000000eab00000)
  object space 392704K, 48% used [0x00000000c0000000,0x00000000cb96c9a8,0x00000000d7f80000)
 Metaspace       used 86321K, committed 88128K, reserved 1179648K
  class space    used 9213K, committed 9984K, reserved 1048576K
}
Event: 196.422 GC heap after
{Heap after GC invocations=608 (full 4):
 PSYoungGen      total 2560K, used 256K [0x00000000eab00000, 0x00000000eae80000, 0x0000000100000000)
  eden space 2048K, 0% used [0x00000000eab00000,0x00000000eab00000,0x00000000ead00000)
  from space 512K, 50% used [0x00000000eae00000,0x00000000eae40000,0x00000000eae80000)
  to   space 512K, 0% used [0x00000000ead80000,0x00000000ead80000,0x00000000eae00000)
 ParOldGen       total 392704K, used 189914K [0x00000000c0000000, 0x00000000d7f80000, 0x00000000eab00000)
  object space 392704K, 48% used [0x00000000c0000000,0x00000000cb9769a8,0x00000000d7f80000)
 Metaspace       used 86321K, committed 88128K, reserved 1179648K
  class space    used 9213K, committed 9984K, reserved 1048576K
}
Event: 196.654 GC heap before
{Heap before GC invocations=609 (full 4):
 PSYoungGen      total 2560K, used 2303K [0x00000000eab00000, 0x00000000eae80000, 0x0000000100000000)
  eden space 2048K, 99% used [0x00000000eab00000,0x00000000eacfffe0,0x00000000ead00000)
  from space 512K, 50% used [0x00000000eae00000,0x00000000eae40000,0x00000000eae80000)
  to   space 512K, 0% used [0x00000000ead80000,0x00000000ead80000,0x00000000eae00000)
 ParOldGen       total 392704K, used 189914K [0x00000000c0000000, 0x00000000d7f80000, 0x00000000eab00000)
  object space 392704K, 48% used [0x00000000c0000000,0x00000000cb9769a8,0x00000000d7f80000)
 Metaspace       used 86321K, committed 88128K, reserved 1179648K
  class space    used 9213K, committed 9984K, reserved 1048576K
}
Event: 196.655 GC heap after
{Heap after GC invocations=609 (full 4):
 PSYoungGen      total 2560K, used 256K [0x00000000eab00000, 0x00000000eae80000, 0x0000000100000000)
  eden space 2048K, 0% used [0x00000000eab00000,0x00000000eab00000,0x00000000ead00000)
  from space 512K, 50% used [0x00000000ead80000,0x00000000eadc0000,0x00000000eae00000)
  to   space 512K, 0% used [0x00000000eae00000,0x00000000eae00000,0x00000000eae80000)
 ParOldGen       total 392704K, used 189960K [0x00000000c0000000, 0x00000000d7f80000, 0x00000000eab00000)
  object space 392704K, 48% used [0x00000000c0000000,0x00000000cb9821d8,0x00000000d7f80000)
 Metaspace       used 86321K, committed 88128K, reserved 1179648K
  class space    used 9213K, committed 9984K, reserved 1048576K
}
Event: 196.891 GC heap before
{Heap before GC invocations=610 (full 4):
 PSYoungGen      total 2560K, used 2304K [0x00000000eab00000, 0x00000000eae80000, 0x0000000100000000)
  eden space 2048K, 100% used [0x00000000eab00000,0x00000000ead00000,0x00000000ead00000)
  from space 512K, 50% used [0x00000000ead80000,0x00000000eadc0000,0x00000000eae00000)
  to   space 512K, 0% used [0x00000000eae00000,0x00000000eae00000,0x00000000eae80000)
 ParOldGen       total 392704K, used 189960K [0x00000000c0000000, 0x00000000d7f80000, 0x00000000eab00000)
  object space 392704K, 48% used [0x00000000c0000000,0x00000000cb9821d8,0x00000000d7f80000)
 Metaspace       used 86327K, committed 88128K, reserved 1179648K
  class space    used 9214K, committed 9984K, reserved 1048576K
}
Event: 196.892 GC heap after
{Heap after GC invocations=610 (full 4):
 PSYoungGen      total 2560K, used 512K [0x00000000eab00000, 0x00000000eaf00000, 0x0000000100000000)
  eden space 2048K, 0% used [0x00000000eab00000,0x00000000eab00000,0x00000000ead00000)
  from space 512K, 100% used [0x00000000eae00000,0x00000000eae80000,0x00000000eae80000)
  to   space 1024K, 0% used [0x00000000ead00000,0x00000000ead00000,0x00000000eae00000)
 ParOldGen       total 392704K, used 190112K [0x00000000c0000000, 0x00000000d7f80000, 0x00000000eab00000)
  object space 392704K, 48% used [0x00000000c0000000,0x00000000cb9a81d8,0x00000000d7f80000)
 Metaspace       used 86327K, committed 88128K, reserved 1179648K
  class space    used 9214K, committed 9984K, reserved 1048576K
}
Event: 204.533 GC heap before
{Heap before GC invocations=611 (full 4):
 PSYoungGen      total 2560K, used 2560K [0x00000000eab00000, 0x00000000eaf00000, 0x0000000100000000)
  eden space 2048K, 100% used [0x00000000eab00000,0x00000000ead00000,0x00000000ead00000)
  from space 512K, 100% used [0x00000000eae00000,0x00000000eae80000,0x00000000eae80000)
  to   space 1024K, 0% used [0x00000000ead00000,0x00000000ead00000,0x00000000eae00000)
 ParOldGen       total 392704K, used 190112K [0x00000000c0000000, 0x00000000d7f80000, 0x00000000eab00000)
  object space 392704K, 48% used [0x00000000c0000000,0x00000000cb9a81d8,0x00000000d7f80000)
 Metaspace       used 86362K, committed 88128K, reserved 1179648K
  class space    used 9220K, committed 9984K, reserved 1048576K
}
Event: 204.538 GC heap after
{Heap after GC invocations=611 (full 4):
 PSYoungGen      total 3072K, used 512K [0x00000000eab00000, 0x00000000eaf00000, 0x0000000100000000)
  eden space 2048K, 0% used [0x00000000eab00000,0x00000000eab00000,0x00000000ead00000)
  from space 1024K, 50% used [0x00000000ead00000,0x00000000ead80000,0x00000000eae00000)
  to   space 1024K, 0% used [0x00000000eae00000,0x00000000eae00000,0x00000000eaf00000)
 ParOldGen       total 392704K, used 190653K [0x00000000c0000000, 0x00000000d7f80000, 0x00000000eab00000)
  object space 392704K, 48% used [0x00000000c0000000,0x00000000cba2f658,0x00000000d7f80000)
 Metaspace       used 86362K, committed 88128K, reserved 1179648K
  class space    used 9220K, committed 9984K, reserved 1048576K
}
Event: 204.553 GC heap before
{Heap before GC invocations=612 (full 4):
 PSYoungGen      total 3072K, used 2560K [0x00000000eab00000, 0x00000000eaf00000, 0x0000000100000000)
  eden space 2048K, 100% used [0x00000000eab00000,0x00000000ead00000,0x00000000ead00000)
  from space 1024K, 50% used [0x00000000ead00000,0x00000000ead80000,0x00000000eae00000)
  to   space 1024K, 0% used [0x00000000eae00000,0x00000000eae00000,0x00000000eaf00000)
 ParOldGen       total 392704K, used 190653K [0x00000000c0000000, 0x00000000d7f80000, 0x00000000eab00000)
  object space 392704K, 48% used [0x00000000c0000000,0x00000000cba2f658,0x00000000d7f80000)
 Metaspace       used 86363K, committed 88128K, reserved 1179648K
  class space    used 9220K, committed 9984K, reserved 1048576K
}
Event: 204.555 GC heap after
{Heap after GC invocations=612 (full 4):
 PSYoungGen      total 3072K, used 840K [0x00000000eab00000, 0x00000000eaf00000, 0x0000000100000000)
  eden space 2048K, 0% used [0x00000000eab00000,0x00000000eab00000,0x00000000ead00000)
  from space 1024K, 82% used [0x00000000eae00000,0x00000000eaed2388,0x00000000eaf00000)
  to   space 1024K, 0% used [0x00000000ead00000,0x00000000ead00000,0x00000000eae00000)
 ParOldGen       total 392704K, used 190978K [0x00000000c0000000, 0x00000000d7f80000, 0x00000000eab00000)
  object space 392704K, 48% used [0x00000000c0000000,0x00000000cba80ad8,0x00000000d7f80000)
 Metaspace       used 86363K, committed 88128K, reserved 1179648K
  class space    used 9220K, committed 9984K, reserved 1048576K
}
Event: 320.582 GC heap before
{Heap before GC invocations=613 (full 4):
 PSYoungGen      total 3072K, used 2888K [0x00000000eab00000, 0x00000000eaf00000, 0x0000000100000000)
  eden space 2048K, 99% used [0x00000000eab00000,0x00000000eacffff0,0x00000000ead00000)
  from space 1024K, 82% used [0x00000000eae00000,0x00000000eaed2388,0x00000000eaf00000)
  to   space 1024K, 0% used [0x00000000ead00000,0x00000000ead00000,0x00000000eae00000)
 ParOldGen       total 392704K, used 190978K [0x00000000c0000000, 0x00000000d7f80000, 0x00000000eab00000)
  object space 392704K, 48% used [0x00000000c0000000,0x00000000cba80ad8,0x00000000d7f80000)
 Metaspace       used 86496K, committed 88320K, reserved 1179648K
  class space    used 9238K, committed 10048K, reserved 1048576K
}
Event: 320.584 GC heap after
{Heap after GC invocations=613 (full 4):
 PSYoungGen      total 3072K, used 352K [0x00000000eab00000, 0x00000000eaf00000, 0x0000000100000000)
  eden space 2048K, 0% used [0x00000000eab00000,0x00000000eab00000,0x00000000ead00000)
  from space 1024K, 34% used [0x00000000ead00000,0x00000000ead58000,0x00000000eae00000)
  to   space 1024K, 0% used [0x00000000eae00000,0x00000000eae00000,0x00000000eaf00000)
 ParOldGen       total 392704K, used 191526K [0x00000000c0000000, 0x00000000d7f80000, 0x00000000eab00000)
  object space 392704K, 48% used [0x00000000c0000000,0x00000000cbb09b48,0x00000000d7f80000)
 Metaspace       used 86496K, committed 88320K, reserved 1179648K
  class space    used 9238K, committed 10048K, reserved 1048576K
}

Dll operation events (12 events):
Event: 0.022 Loaded shared library c:\Users\sandy\.vscode\extensions\redhat.java-1.53.0-win32-x64\jre\21.0.10-win32-x86_64\bin\java.dll
Event: 0.251 Loaded shared library c:\Users\sandy\.vscode\extensions\redhat.java-1.53.0-win32-x64\jre\21.0.10-win32-x86_64\bin\zip.dll
Event: 0.322 Loaded shared library C:\Users\sandy\.vscode\extensions\redhat.java-1.53.0-win32-x64\jre\21.0.10-win32-x86_64\bin\instrument.dll
Event: 0.336 Loaded shared library C:\Users\sandy\.vscode\extensions\redhat.java-1.53.0-win32-x64\jre\21.0.10-win32-x86_64\bin\net.dll
Event: 0.340 Loaded shared library C:\Users\sandy\.vscode\extensions\redhat.java-1.53.0-win32-x64\jre\21.0.10-win32-x86_64\bin\nio.dll
Event: 0.347 Loaded shared library C:\Users\sandy\.vscode\extensions\redhat.java-1.53.0-win32-x64\jre\21.0.10-win32-x86_64\bin\zip.dll
Event: 0.401 Loaded shared library C:\Users\sandy\.vscode\extensions\redhat.java-1.53.0-win32-x64\jre\21.0.10-win32-x86_64\bin\jimage.dll
Event: 0.635 Loaded shared library c:\Users\sandy\.vscode\extensions\redhat.java-1.53.0-win32-x64\jre\21.0.10-win32-x86_64\bin\verify.dll
Event: 3.537 Loaded shared library C:\Users\sandy\AppData\Roaming\Code\User\globalStorage\redhat.java\1.53.0\config_win\org.eclipse.equinox.launcher\org.eclipse.equinox.launcher.win32.win32.x86_64_1.3.0.v20260203-2149\eclipse_11919.dll
Event: 6.487 Loaded shared library C:\Users\sandy\AppData\Local\Temp\jna-109203573\jna18269237127286003691.dll
Event: 24.122 Loaded shared library C:\Users\sandy\.vscode\extensions\redhat.java-1.53.0-win32-x64\jre\21.0.10-win32-x86_64\bin\sunmscapi.dll
Event: 34.504 Loaded shared library C:\Users\sandy\.vscode\extensions\redhat.java-1.53.0-win32-x64\jre\21.0.10-win32-x86_64\bin\extnet.dll

Deoptimization events (20 events):
Event: 320.588 Thread 0x00000210f05db950 Uncommon trap: trap_request=0xffffff45 fr.pc=0x00000210e1b0b3c4 relative=0x00000000000011e4
Event: 320.588 Thread 0x00000210f05db950 Uncommon trap: reason=unstable_if action=reinterpret pc=0x00000210e1b0b3c4 method=org.eclipse.jdt.ls.core.internal.filesystem.JLSFsUtils.isProjectMetadataFile(Lorg/eclipse/core/runtime/IPath;)Z @ 64 c2
Event: 320.588 Thread 0x00000210f05db950 DEOPT PACKING pc=0x00000210e1b0b3c4 sp=0x0000003060fff1a0
Event: 320.588 Thread 0x00000210f05db950 DEOPT UNPACKING pc=0x00000210e0993aa2 sp=0x0000003060fff0e8 mode 2
Event: 320.588 Thread 0x00000210f05db950 Uncommon trap: trap_request=0xffffff45 fr.pc=0x00000210e1b0eca4 relative=0x0000000000000b84
Event: 320.588 Thread 0x00000210f05db950 Uncommon trap: reason=unstable_if action=reinterpret pc=0x00000210e1b0eca4 method=org.eclipse.jdt.ls.core.internal.filesystem.JLSFsUtils.isProjectMetadataFile(Lorg/eclipse/core/runtime/IPath;)Z @ 64 c2
Event: 320.588 Thread 0x00000210f05db950 DEOPT PACKING pc=0x00000210e1b0eca4 sp=0x0000003060fff130
Event: 320.589 Thread 0x00000210f05db950 DEOPT UNPACKING pc=0x00000210e0993aa2 sp=0x0000003060fff0e0 mode 2
Event: 320.589 Thread 0x00000210f05db950 Uncommon trap: trap_request=0xffffffde fr.pc=0x00000210e1a9ed74 relative=0x0000000000000614
Event: 320.589 Thread 0x00000210f05db950 Uncommon trap: reason=class_check action=maybe_recompile pc=0x00000210e1a9ed74 method=java.io.InputStream.read([BII)I @ 15 c2
Event: 320.589 Thread 0x00000210f05db950 DEOPT PACKING pc=0x00000210e1a9ed74 sp=0x0000003060fff1c0
Event: 320.589 Thread 0x00000210f05db950 DEOPT UNPACKING pc=0x00000210e0993aa2 sp=0x0000003060fff158 mode 2
Event: 320.590 Thread 0x00000210f05db950 Uncommon trap: trap_request=0xffffffbe fr.pc=0x00000210e19fc490 relative=0x0000000000000490
Event: 320.590 Thread 0x00000210f05db950 Uncommon trap: reason=profile_predicate action=maybe_recompile pc=0x00000210e19fc490 method=java.io.InputStream.read([BII)I @ 37 c2
Event: 320.590 Thread 0x00000210f05db950 DEOPT PACKING pc=0x00000210e19fc490 sp=0x0000003060fff1b0
Event: 320.590 Thread 0x00000210f05db950 DEOPT UNPACKING pc=0x00000210e0993aa2 sp=0x0000003060fff160 mode 2
Event: 320.590 Thread 0x00000210f05db950 Uncommon trap: trap_request=0xffffffde fr.pc=0x00000210e1a9ed74 relative=0x0000000000000614
Event: 320.590 Thread 0x00000210f05db950 Uncommon trap: reason=class_check action=maybe_recompile pc=0x00000210e1a9ed74 method=java.io.InputStream.read([BII)I @ 15 c2
Event: 320.590 Thread 0x00000210f05db950 DEOPT PACKING pc=0x00000210e1a9ed74 sp=0x0000003060fff1c0
Event: 320.590 Thread 0x00000210f05db950 DEOPT UNPACKING pc=0x00000210e0993aa2 sp=0x0000003060fff158 mode 2

Classes loaded (20 events):
Event: 320.567 Loading class java/util/stream/Nodes$CollectorTask$OfRef
Event: 320.567 Loading class java/util/stream/Nodes$CollectorTask
Event: 320.568 Loading class java/util/stream/Nodes$CollectorTask done
Event: 320.568 Loading class java/util/stream/Nodes$CollectorTask$OfRef done
Event: 320.570 Loading class java/util/function/LongFunction
Event: 320.570 Loading class java/util/function/LongFunction done
Event: 320.571 Loading class java/util/stream/Nodes$ConcNode
Event: 320.571 Loading class java/util/stream/Nodes$AbstractConcNode
Event: 320.571 Loading class java/util/stream/Nodes$AbstractConcNode done
Event: 320.571 Loading class java/util/stream/Nodes$ConcNode done
Event: 320.572 Loading class java/util/stream/Nodes$ToArrayTask$OfRef
Event: 320.572 Loading class java/util/stream/Nodes$ToArrayTask
Event: 320.572 Loading class java/util/stream/Nodes$ToArrayTask done
Event: 320.572 Loading class java/util/stream/Nodes$ToArrayTask$OfRef done
Event: 320.574 Loading class java/io/ObjectOutputStream$BlockDataOutputStream
Event: 320.574 Loading class java/io/ObjectOutputStream$BlockDataOutputStream done
Event: 320.574 Loading class java/io/ObjectOutputStream$HandleTable
Event: 320.575 Loading class java/io/ObjectOutputStream$HandleTable done
Event: 320.575 Loading class java/io/ObjectOutputStream$ReplaceTable
Event: 320.575 Loading class java/io/ObjectOutputStream$ReplaceTable done

Classes unloaded (7 events):
Event: 7.856 Thread 0x00000210d62bac10 Unloading class 0x00000210811a9400 'java/lang/invoke/LambdaForm$MH+0x00000210811a9400'
Event: 7.856 Thread 0x00000210d62bac10 Unloading class 0x00000210811a9000 'java/lang/invoke/LambdaForm$MH+0x00000210811a9000'
Event: 7.856 Thread 0x00000210d62bac10 Unloading class 0x00000210811a8c00 'java/lang/invoke/LambdaForm$MH+0x00000210811a8c00'
Event: 7.856 Thread 0x00000210d62bac10 Unloading class 0x00000210811a8800 'java/lang/invoke/LambdaForm$MH+0x00000210811a8800'
Event: 7.856 Thread 0x00000210d62bac10 Unloading class 0x00000210811a8400 'java/lang/invoke/LambdaForm$BMH+0x00000210811a8400'
Event: 7.856 Thread 0x00000210d62bac10 Unloading class 0x00000210811a8000 'java/lang/invoke/LambdaForm$DMH+0x00000210811a8000'
Event: 7.856 Thread 0x00000210d62bac10 Unloading class 0x00000210811a6c00 'java/lang/invoke/LambdaForm$DMH+0x00000210811a6c00'

Classes redefined (0 events):
No events

Internal exceptions (20 events):
Event: 163.583 Thread 0x00000210f414c810 Exception <a 'java/lang/ArrayIndexOutOfBoundsException'{0x00000000eab41f48}> (0x00000000eab41f48) 
thrown [s\src\hotspot\share\runtime\sharedRuntime.cpp, line 625]
Event: 165.871 Thread 0x00000210f414c810 Exception <a 'java/lang/ArrayIndexOutOfBoundsException'{0x00000000eabb9c40}> (0x00000000eabb9c40) 
thrown [s\src\hotspot\share\runtime\sharedRuntime.cpp, line 625]
Event: 167.592 Thread 0x00000210f4149390 Implicit null exception at 0x00000210e1233fc0 to 0x00000210e1235cf0
Event: 169.258 Thread 0x00000210f05da5a0 Exception <a 'sun/nio/fs/WindowsException'{0x00000000eac61d48}> (0x00000000eac61d48) 
thrown [s\src\hotspot\share\prims\jni.cpp, line 520]
Event: 169.477 Thread 0x00000210f05da5a0 Exception <a 'sun/nio/fs/WindowsException'{0x00000000eab339a8}> (0x00000000eab339a8) 
thrown [s\src\hotspot\share\prims\jni.cpp, line 520]
Event: 169.567 Thread 0x00000210f4149390 Exception <a 'sun/nio/fs/WindowsException'{0x00000000eab7cb78}> (0x00000000eab7cb78) 
thrown [s\src\hotspot\share\prims\jni.cpp, line 520]
Event: 169.567 Thread 0x00000210f4149390 Exception <a 'sun/nio/fs/WindowsException'{0x00000000eab7d1b8}> (0x00000000eab7d1b8) 
thrown [s\src\hotspot\share\prims\jni.cpp, line 520]
Event: 169.568 Thread 0x00000210f4149390 Exception <a 'sun/nio/fs/WindowsException'{0x00000000eab7e188}> (0x00000000eab7e188) 
thrown [s\src\hotspot\share\prims\jni.cpp, line 520]
Event: 169.568 Thread 0x00000210f4149390 Exception <a 'sun/nio/fs/WindowsException'{0x00000000eab7ea78}> (0x00000000eab7ea78) 
thrown [s\src\hotspot\share\prims\jni.cpp, line 520]
Event: 169.568 Thread 0x00000210f4149390 Exception <a 'sun/nio/fs/WindowsException'{0x00000000eab81100}> (0x00000000eab81100) 
thrown [s\src\hotspot\share\prims\jni.cpp, line 520]
Event: 169.568 Thread 0x00000210f4149390 Exception <a 'sun/nio/fs/WindowsException'{0x00000000eab81740}> (0x00000000eab81740) 
thrown [s\src\hotspot\share\prims\jni.cpp, line 520]
Event: 169.569 Thread 0x00000210f4149390 Exception <a 'sun/nio/fs/WindowsException'{0x00000000eab82750}> (0x00000000eab82750) 
thrown [s\src\hotspot\share\prims\jni.cpp, line 520]
Event: 169.569 Thread 0x00000210f4149390 Exception <a 'sun/nio/fs/WindowsException'{0x00000000eab82d90}> (0x00000000eab82d90) 
thrown [s\src\hotspot\share\prims\jni.cpp, line 520]
Event: 169.598 Thread 0x00000210f4845890 Exception <a 'sun/nio/fs/WindowsException'{0x00000000eac344d0}> (0x00000000eac344d0) 
thrown [s\src\hotspot\share\prims\jni.cpp, line 520]
Event: 169.598 Thread 0x00000210f4845890 Exception <a 'sun/nio/fs/WindowsException'{0x00000000eac34b40}> (0x00000000eac34b40) 
thrown [s\src\hotspot\share\prims\jni.cpp, line 520]
Event: 189.131 Thread 0x00000210f4149390 Exception <a 'sun/nio/fs/WindowsException'{0x00000000eab4a848}> (0x00000000eab4a848) 
thrown [s\src\hotspot\share\prims\jni.cpp, line 520]
Event: 189.131 Thread 0x00000210f4149390 Exception <a 'sun/nio/fs/WindowsException'{0x00000000eab4ae88}> (0x00000000eab4ae88) 
thrown [s\src\hotspot\share\prims\jni.cpp, line 520]
Event: 196.884 Thread 0x00000210f414c810 Exception <a 'java/lang/IncompatibleClassChangeError'{0x00000000eab25dc8}: Found class java.lang.Object, but interface was expected> (0x00000000eab25dc8) 
thrown [s\src\hotspot\share\interpreter\linkResolver.cpp, line 840]
Event: 320.564 Thread 0x00000210f05db950 Implicit null exception at 0x00000210e14e7489 to 0x00000210e14e7838
Event: 320.579 Thread 0x00000210f05db950 Exception <a 'java/lang/NoSuchMethodError'{0x00000000eacf5778}: 'java.lang.Object java.lang.invoke.DirectMethodHandle$Holder.newInvokeSpecial(java.lang.Object, java.lang.Object, java.lang.Object, java.lang.Object, java.lang.Object, java.lang.Object, java.lang.Object, java.lang.Object)'> (0x00000000eacf5778) 
thrown [s\src\hotspot\share\interpreter\linkResolver.cpp, line 773]

ZGC Phase Switch (0 events):
No events

VM Operations (20 events):
Event: 206.555 Executing safepoint VM operation: Cleanup
Event: 206.555 Executing safepoint VM operation: Cleanup done
Event: 229.569 Executing safepoint VM operation: Cleanup
Event: 229.569 Executing safepoint VM operation: Cleanup done
Event: 307.614 Executing safepoint VM operation: Cleanup
Event: 307.614 Executing safepoint VM operation: Cleanup done
Event: 320.570 Executing non-safepoint VM operation: HandshakeAllThreads (Deoptimize)
Event: 320.570 Executing non-safepoint VM operation: HandshakeAllThreads (Deoptimize) done
Event: 320.570 Executing safepoint VM operation: Cleanup
Event: 320.570 Executing safepoint VM operation: Cleanup done
Event: 320.582 Executing safepoint VM operation: ParallelGCFailedAllocation (Allocation Failure)
Event: 320.584 Executing safepoint VM operation: ParallelGCFailedAllocation (Allocation Failure) done
Event: 321.585 Executing safepoint VM operation: Cleanup
Event: 321.585 Executing safepoint VM operation: Cleanup done
Event: 360.581 Executing non-safepoint VM operation: HandshakeAllThreads (HandshakeForDeflation)
Event: 360.581 Executing non-safepoint VM operation: HandshakeAllThreads (HandshakeForDeflation) done
Event: 360.581 Executing non-safepoint VM operation: RendezvousGCThreads
Event: 360.581 Executing non-safepoint VM operation: RendezvousGCThreads done
Event: 469.643 Executing safepoint VM operation: Cleanup
Event: 469.643 Executing safepoint VM operation: Cleanup done

Memory protections (0 events):
No events

Nmethod flushes (20 events):
Event: 99.966 Thread 0x00000210d62bac10 flushing  nmethod 0x00000210da2ebf90
Event: 99.966 Thread 0x00000210d62bac10 flushing  nmethod 0x00000210da2ee610
Event: 99.966 Thread 0x00000210d62bac10 flushing  nmethod 0x00000210da2f1e90
Event: 99.966 Thread 0x00000210d62bac10 flushing  nmethod 0x00000210da2f5b90
Event: 99.966 Thread 0x00000210d62bac10 flushing  nmethod 0x00000210da2f9690
Event: 99.966 Thread 0x00000210d62bac10 flushing  nmethod 0x00000210da2fa790
Event: 99.966 Thread 0x00000210d62bac10 flushing  nmethod 0x00000210da2ffb10
Event: 99.966 Thread 0x00000210d62bac10 flushing  nmethod 0x00000210da30f190
Event: 99.966 Thread 0x00000210d62bac10 flushing  nmethod 0x00000210da310e90
Event: 99.966 Thread 0x00000210d62bac10 flushing  nmethod 0x00000210da31ea10
Event: 99.966 Thread 0x00000210d62bac10 flushing  nmethod 0x00000210da320f10
Event: 99.966 Thread 0x00000210d62bac10 flushing  nmethod 0x00000210da325e90
Event: 99.966 Thread 0x00000210d62bac10 flushing  nmethod 0x00000210da327810
Event: 99.966 Thread 0x00000210d62bac10 flushing  nmethod 0x00000210da32ff90
Event: 99.966 Thread 0x00000210d62bac10 flushing  nmethod 0x00000210da333210
Event: 99.966 Thread 0x00000210d62bac10 flushing  nmethod 0x00000210da345210
Event: 99.966 Thread 0x00000210d62bac10 flushing  nmethod 0x00000210da345590
Event: 99.966 Thread 0x00000210d62bac10 flushing  nmethod 0x00000210da34eb10
Event: 99.966 Thread 0x00000210d62bac10 flushing  nmethod 0x00000210da35ed90
Event: 99.966 Thread 0x00000210d62bac10 flushing  nmethod 0x00000210da3bf090

Events (20 events):
Event: 320.565 Thread 0x00000210f05db950 Thread added: 0x00000210f4843130
Event: 320.571 Thread 0x00000210f4843130 Thread added: 0x00000210f4845890
Event: 320.572 Thread 0x00000210f4843130 Thread exited: 0x00000210f4843130
Event: 320.572 Thread 0x00000210f4845890 Thread exited: 0x00000210f4845890
Event: 320.956 Thread 0x00000210f11b3530 Thread exited: 0x00000210f11b3530
Event: 322.276 Thread 0x00000210f11b2810 Thread exited: 0x00000210f11b2810
Event: 322.276 Thread 0x00000210f11b2ea0 Thread exited: 0x00000210f11b2ea0
Event: 322.427 Thread 0x00000210f11ae670 Thread exited: 0x00000210f11ae670
Event: 322.885 Thread 0x00000210f11ad950 Thread exited: 0x00000210f11ad950
Event: 322.887 Thread 0x00000210f11acc30 Thread exited: 0x00000210f11acc30
Event: 324.563 Thread 0x00000210f11aed00 Thread exited: 0x00000210f11aed00
Event: 353.247 Thread 0x00000210f0d55290 Thread exited: 0x00000210f0d55290
Event: 377.889 Thread 0x00000210f0d5ae70 Thread exited: 0x00000210f0d5ae70
Event: 384.563 Thread 0x00000210f4149a20 Thread exited: 0x00000210f4149a20
Event: 420.252 Thread 0x00000210f4844b70 Thread exited: 0x00000210f4844b70
Event: 444.563 Thread 0x00000210f11b2180 Thread exited: 0x00000210f11b2180
Event: 469.323 Thread 0x00000210f4848680 Thread exited: 0x00000210f4848680
Event: 504.564 Thread 0x00000210f414dbc0 Thread exited: 0x00000210f414dbc0
Event: 564.565 Thread 0x00000210f414add0 Thread exited: 0x00000210f414add0
Event: 624.565 Thread 0x00000210f11b1af0 Thread exited: 0x00000210f11b1af0


Dynamic libraries:
0x00007ff752900000 - 0x00007ff75290e000 	c:\Users\sandy\.vscode\extensions\redhat.java-1.53.0-win32-x64\jre\21.0.10-win32-x86_64\bin\java.exe
0x00007ff9006f0000 - 0x00007ff900907000 	C:\WINDOWS\SYSTEM32\ntdll.dll
0x00007ff8ff300000 - 0x00007ff8ff3c4000 	C:\WINDOWS\System32\KERNEL32.DLL
0x00007ff8fd920000 - 0x00007ff8fdcf2000 	C:\WINDOWS\System32\KERNELBASE.dll
0x00007ff8f6e10000 - 0x00007ff8f6ea7000 	C:\WINDOWS\SYSTEM32\apphelp.dll
0x00007ff8fdd00000 - 0x00007ff8fde11000 	C:\WINDOWS\System32\ucrtbase.dll
0x00007ff8e7c30000 - 0x00007ff8e7c48000 	c:\Users\sandy\.vscode\extensions\redhat.java-1.53.0-win32-x64\jre\21.0.10-win32-x86_64\bin\jli.dll
0x00007ff9003d0000 - 0x00007ff900581000 	C:\WINDOWS\System32\USER32.dll
0x00007ff8fe0c0000 - 0x00007ff8fe0e6000 	C:\WINDOWS\System32\win32u.dll
0x00007ff8fe380000 - 0x00007ff8fe3a9000 	C:\WINDOWS\System32\GDI32.dll
0x00007ff8fde20000 - 0x00007ff8fdf43000 	C:\WINDOWS\System32\gdi32full.dll
0x00007ff8fe170000 - 0x00007ff8fe20a000 	C:\WINDOWS\System32\msvcp_win.dll
0x00007ff8e79e0000 - 0x00007ff8e79fe000 	c:\Users\sandy\.vscode\extensions\redhat.java-1.53.0-win32-x64\jre\21.0.10-win32-x86_64\bin\VCRUNTIME140.dll
0x00007ff8dd220000 - 0x00007ff8dd4bb000 	C:\WINDOWS\WinSxS\amd64_microsoft.windows.common-controls_6595b64144ccf1df_6.0.22621.5547_none_27104afb73855772\COMCTL32.dll
0x00007ff8fee80000 - 0x00007ff8fef27000 	C:\WINDOWS\System32\msvcrt.dll
0x00007ff8ff680000 - 0x00007ff8ff6b1000 	C:\WINDOWS\System32\IMM32.DLL
0x00007ff8f3d10000 - 0x00007ff8f3d1c000 	c:\Users\sandy\.vscode\extensions\redhat.java-1.53.0-win32-x64\jre\21.0.10-win32-x86_64\bin\vcruntime140_1.dll
0x00007ff8a00d0000 - 0x00007ff8a015d000 	c:\Users\sandy\.vscode\extensions\redhat.java-1.53.0-win32-x64\jre\21.0.10-win32-x86_64\bin\msvcp140.dll
0x00007ff873e20000 - 0x00007ff874bc1000 	c:\Users\sandy\.vscode\extensions\redhat.java-1.53.0-win32-x64\jre\21.0.10-win32-x86_64\bin\server\jvm.dll
0x00007ff8ffda0000 - 0x00007ff8ffe51000 	C:\WINDOWS\System32\ADVAPI32.dll
0x00007ff8ff6c0000 - 0x00007ff8ff768000 	C:\WINDOWS\System32\sechost.dll
0x00007ff8fe010000 - 0x00007ff8fe038000 	C:\WINDOWS\System32\bcrypt.dll
0x00007ff8ff190000 - 0x00007ff8ff2a4000 	C:\WINDOWS\System32\RPCRT4.dll
0x00007ff8fec80000 - 0x00007ff8fecf1000 	C:\WINDOWS\System32\WS2_32.dll
0x00007ff8f2cc0000 - 0x00007ff8f2cf4000 	C:\WINDOWS\SYSTEM32\WINMM.dll
0x00007ff8fc620000 - 0x00007ff8fc66d000 	C:\WINDOWS\SYSTEM32\POWRPROF.dll
0x00007ff8f0310000 - 0x00007ff8f031a000 	C:\WINDOWS\SYSTEM32\VERSION.dll
0x00007ff8fc600000 - 0x00007ff8fc613000 	C:\WINDOWS\SYSTEM32\UMPDC.dll
0x00007ff8fc8c0000 - 0x00007ff8fc8d8000 	C:\WINDOWS\SYSTEM32\kernel.appcore.dll
0x00007ff8f3b20000 - 0x00007ff8f3b2a000 	c:\Users\sandy\.vscode\extensions\redhat.java-1.53.0-win32-x64\jre\21.0.10-win32-x86_64\bin\jimage.dll
0x00007ff8fb240000 - 0x00007ff8fb473000 	C:\WINDOWS\SYSTEM32\DBGHELP.DLL
0x00007ff8ffe60000 - 0x00007ff9001f3000 	C:\WINDOWS\System32\combase.dll
0x00007ff8fefa0000 - 0x00007ff8ff077000 	C:\WINDOWS\System32\OLEAUT32.dll
0x00007ff8dc320000 - 0x00007ff8dc352000 	C:\WINDOWS\SYSTEM32\dbgcore.DLL
0x00007ff8fe040000 - 0x00007ff8fe0bb000 	C:\WINDOWS\System32\bcryptPrimitives.dll
0x00007ff8e7d50000 - 0x00007ff8e7d5f000 	c:\Users\sandy\.vscode\extensions\redhat.java-1.53.0-win32-x64\jre\21.0.10-win32-x86_64\bin\instrument.dll
0x00007ff8e38d0000 - 0x00007ff8e38f0000 	c:\Users\sandy\.vscode\extensions\redhat.java-1.53.0-win32-x64\jre\21.0.10-win32-x86_64\bin\java.dll
0x00007ff8fe3d0000 - 0x00007ff8fec72000 	C:\WINDOWS\System32\SHELL32.dll
0x00007ff8fd7e0000 - 0x00007ff8fd91f000 	C:\WINDOWS\System32\wintypes.dll
0x00007ff8fb6d0000 - 0x00007ff8fbfed000 	C:\WINDOWS\SYSTEM32\windows.storage.dll
0x00007ff8ffc90000 - 0x00007ff8ffd9c000 	C:\WINDOWS\System32\SHCORE.dll
0x00007ff8ff770000 - 0x00007ff8ff7d9000 	C:\WINDOWS\System32\shlwapi.dll
0x00007ff8fd710000 - 0x00007ff8fd73b000 	C:\WINDOWS\SYSTEM32\profapi.dll
0x00007ff8e3180000 - 0x00007ff8e3198000 	c:\Users\sandy\.vscode\extensions\redhat.java-1.53.0-win32-x64\jre\21.0.10-win32-x86_64\bin\zip.dll
0x00007ff8e38c0000 - 0x00007ff8e38d0000 	C:\Users\sandy\.vscode\extensions\redhat.java-1.53.0-win32-x64\jre\21.0.10-win32-x86_64\bin\net.dll
0x00007ff8f2830000 - 0x00007ff8f295c000 	C:\WINDOWS\SYSTEM32\WINHTTP.dll
0x00007ff8fcd30000 - 0x00007ff8fcd99000 	C:\WINDOWS\system32\mswsock.dll
0x00007ff8e30a0000 - 0x00007ff8e30b6000 	C:\Users\sandy\.vscode\extensions\redhat.java-1.53.0-win32-x64\jre\21.0.10-win32-x86_64\bin\nio.dll
0x00007ff8e3090000 - 0x00007ff8e30a0000 	c:\Users\sandy\.vscode\extensions\redhat.java-1.53.0-win32-x64\jre\21.0.10-win32-x86_64\bin\verify.dll
0x00007ff8a4420000 - 0x00007ff8a4465000 	C:\Users\sandy\AppData\Roaming\Code\User\globalStorage\redhat.java\1.53.0\config_win\org.eclipse.equinox.launcher\org.eclipse.equinox.launcher.win32.win32.x86_64_1.3.0.v20260203-2149\eclipse_11919.dll
0x00007ff8ff4e0000 - 0x00007ff8ff680000 	C:\WINDOWS\System32\ole32.dll
0x00007ff8fd080000 - 0x00007ff8fd09b000 	C:\WINDOWS\SYSTEM32\CRYPTSP.dll
0x00007ff8fc820000 - 0x00007ff8fc857000 	C:\WINDOWS\system32\rsaenh.dll
0x00007ff8fcdd0000 - 0x00007ff8fcdf8000 	C:\WINDOWS\SYSTEM32\USERENV.dll
0x00007ff8fd060000 - 0x00007ff8fd06c000 	C:\WINDOWS\SYSTEM32\CRYPTBASE.dll
0x00007ff8fc2c0000 - 0x00007ff8fc2ed000 	C:\WINDOWS\SYSTEM32\IPHLPAPI.DLL
0x00007ff8fef30000 - 0x00007ff8fef39000 	C:\WINDOWS\System32\NSI.dll
0x00007ff8a0080000 - 0x00007ff8a00c9000 	C:\Users\sandy\AppData\Local\Temp\jna-109203573\jna18269237127286003691.dll
0x00007ff8fe3b0000 - 0x00007ff8fe3b8000 	C:\WINDOWS\System32\PSAPI.DLL
0x00007ff8f2500000 - 0x00007ff8f2519000 	C:\WINDOWS\SYSTEM32\dhcpcsvc6.DLL
0x00007ff8f2410000 - 0x00007ff8f242f000 	C:\WINDOWS\SYSTEM32\dhcpcsvc.DLL
0x00007ff8e2f20000 - 0x00007ff8e2f2e000 	C:\Users\sandy\.vscode\extensions\redhat.java-1.53.0-win32-x64\jre\21.0.10-win32-x86_64\bin\sunmscapi.dll
0x00007ff8fe210000 - 0x00007ff8fe377000 	C:\WINDOWS\System32\CRYPT32.dll
0x00007ff8fd190000 - 0x00007ff8fd1bd000 	C:\WINDOWS\SYSTEM32\ncrypt.dll
0x00007ff8fd150000 - 0x00007ff8fd187000 	C:\WINDOWS\SYSTEM32\NTASN1.dll
0x00007ff8fc330000 - 0x00007ff8fc428000 	C:\WINDOWS\SYSTEM32\DNSAPI.dll
0x00007ff8f0750000 - 0x00007ff8f075a000 	C:\Windows\System32\rasadhlp.dll
0x00007ff8f0890000 - 0x00007ff8f0914000 	C:\WINDOWS\System32\fwpuclnt.dll
0x00007ff8e37a0000 - 0x00007ff8e37a9000 	C:\Users\sandy\.vscode\extensions\redhat.java-1.53.0-win32-x64\jre\21.0.10-win32-x86_64\bin\extnet.dll

JVMTI agents:
c:\Users\sandy\.vscode\extensions\redhat.java-1.53.0-win32-x64\lombok\lombok-1.18.39-4050.jar path:c:\Users\sandy\.vscode\extensions\redhat.java-1.53.0-win32-x64\jre\21.0.10-win32-x86_64\bin\instrument.dll, loaded, initialized, instrumentlib options:none

dbghelp: loaded successfully - version: 4.0.5 - missing functions: none
symbol engine: initialized successfully - sym options: 0x614 - pdb path: .;c:\Users\sandy\.vscode\extensions\redhat.java-1.53.0-win32-x64\jre\21.0.10-win32-x86_64\bin;C:\WINDOWS\SYSTEM32;C:\WINDOWS\WinSxS\amd64_microsoft.windows.common-controls_6595b64144ccf1df_6.0.22621.5547_none_27104afb73855772;c:\Users\sandy\.vscode\extensions\redhat.java-1.53.0-win32-x64\jre\21.0.10-win32-x86_64\bin\server;C:\Users\sandy\AppData\Roaming\Code\User\globalStorage\redhat.java\1.53.0\config_win\org.eclipse.equinox.launcher\org.eclipse.equinox.launcher.win32.win32.x86_64_1.3.0.v20260203-2149;C:\Users\sandy\AppData\Local\Temp\jna-109203573

VM Arguments:
jvm_args: --add-modules=ALL-SYSTEM --add-opens=java.base/java.util=ALL-UNNAMED --add-opens=java.base/java.lang=ALL-UNNAMED --add-opens=java.base/sun.nio.fs=ALL-UNNAMED -Declipse.application=org.eclipse.jdt.ls.core.id1 -Dosgi.bundles.defaultStartLevel=4 -Declipse.product=org.eclipse.jdt.ls.core.product -Djava.import.generatesMetadataFilesAtProjectRoot=false -DDetectVMInstallationsJob.disabled=true -Dfile.encoding=utf8 -Xlog:disable -XX:+UseParallelGC -XX:GCTimeRatio=4 -XX:AdaptiveSizePolicyWeight=90 -Dsun.zip.disableMemoryMapping=true -Xmx1G -Xms100m -javaagent:c:\Users\sandy\.vscode\extensions\redhat.java-1.53.0-win32-x64\lombok\lombok-1.18.39-4050.jar -XX:+HeapDumpOnOutOfMemoryError -XX:HeapDumpPath=c:\Users\sandy\AppData\Roaming\Code\User\workspaceStorage\d66c76ac65fe96705e3de1799fe19fe2\redhat.java -Daether.dependencyCollector.impl=bf 
java_command: c:\Users\sandy\.vscode\extensions\redhat.java-1.53.0-win32-x64\server\plugins\org.eclipse.equinox.launcher_1.7.100.v20251111-0406.jar -configuration c:\Users\sandy\AppData\Roaming\Code\User\globalStorage\redhat.java\1.53.0\config_win -data c:\Users\sandy\AppData\Roaming\Code\User\workspaceStorage\d66c76ac65fe96705e3de1799fe19fe2\redhat.java\jdt_ws --pipe=\\.\pipe\lsp-fec0f5847952b27e1cbede7414236a3e-sock
java_class_path (initial): c:\Users\sandy\.vscode\extensions\redhat.java-1.53.0-win32-x64\server\plugins\org.eclipse.equinox.launcher_1.7.100.v20251111-0406.jar
Launcher Type: SUN_STANDARD

[Global flags]
    uintx AdaptiveSizePolicyWeight                 = 90                                        {product} {command line}
     intx CICompilerCount                          = 4                                         {product} {ergonomic}
    uintx GCTimeRatio                              = 4                                         {product} {command line}
     bool HeapDumpOnOutOfMemoryError               = true                                   {manageable} {command line}
    ccstr HeapDumpPath                             = c:\Users\sandy\AppData\Roaming\Code\User\workspaceStorage\d66c76ac65fe96705e3de1799fe19fe2\redhat.java         {manageable} {command line}
   size_t InitialHeapSize                          = 104857600                                 {product} {command line}
   size_t MaxHeapSize                              = 1073741824                                {product} {command line}
   size_t MaxNewSize                               = 357564416                                 {product} {ergonomic}
   size_t MinHeapDeltaBytes                        = 524288                                    {product} {ergonomic}
   size_t MinHeapSize                              = 104857600                                 {product} {command line}
   size_t NewSize                                  = 34603008                                  {product} {ergonomic}
    uintx NonNMethodCodeHeapSize                   = 5839372                                {pd product} {ergonomic}
    uintx NonProfiledCodeHeapSize                  = 122909434                              {pd product} {ergonomic}
   size_t OldSize                                  = 70254592                                  {product} {ergonomic}
    uintx ProfiledCodeHeapSize                     = 122909434                              {pd product} {ergonomic}
    uintx ReservedCodeCacheSize                    = 251658240                              {pd product} {ergonomic}
     bool SegmentedCodeCache                       = true                                      {product} {ergonomic}
   size_t SoftMaxHeapSize                          = 1073741824                             {manageable} {ergonomic}
     bool UseCompressedOops                        = true                           {product lp64_product} {ergonomic}
     bool UseLargePagesIndividualAllocation        = false                                  {pd product} {ergonomic}
     bool UseParallelGC                            = true                                      {product} {command line}

Logging:
Log output configuration:
 #0: stdout all=off uptime,level,tags foldmultilines=false
 #1: stderr all=off uptime,level,tags foldmultilines=false

Release file:
JAVA_VERSION="21.0.10" 
MODULES="java.base java.compiler java.datatransfer java.xml java.prefs java.desktop java.instrument java.logging java.management java.security.sasl java.naming java.rmi java.management.rmi java.net.http java.scripting java.security.jgss java.transaction.xa java.sql java.sql.rowset java.xml.crypto java.se java.smartcardio jdk.accessibility jdk.internal.jvmstat jdk.attach jdk.charsets jdk.internal.opt jdk.zipfs jdk.compiler jdk.crypto.ec jdk.crypto.cryptoki jdk.crypto.mscapi jdk.dynalink jdk.internal.ed jdk.editpad jdk.hotspot.agent jdk.httpserver jdk.internal.le jdk.internal.vm.ci jdk.internal.vm.compiler jdk.internal.vm.compiler.management jdk.jartool jdk.javadoc jdk.jcmd jdk.management jdk.management.agent jdk.jconsole jdk.jdeps jdk.jdwp.agent jdk.jdi jdk.jfr jdk.jshell jdk.jsobject jdk.jstatd jdk.localedata jdk.management.jfr jdk.naming.dns jdk.naming.rmi jdk.net jdk.nio.mapmode jdk.random jdk.sctp jdk.security.auth jdk.security.jgss jdk.unsupported jdk.unsupported.desktop jdk.xml.dom" 

Environment Variables:
PATH=C:\Users\sandy\AppData\Local\Programs\Microsoft VS Code;C:\Program Files\Common Files\Oracle\Java\javapath;C:\Program Files (x86)\Common Files\Oracle\Java\javapath;C:\ProgramData\Oracle\Java\javapath;C:\Windows\system32;C:\Windows;C:\Windows\System32\Wbem;C:\Windows\System32\WindowsPowerShell\v1.0\;C:\Windows\System32\OpenSSH\;C:\WINDOWS\system32;C:\WINDOWS;C:\WINDOWS\System32\Wbem;C:\WINDOWS\System32\WindowsPowerShell\v1.0\;C:\WINDOWS\System32\OpenSSH\;C:\Program Files\Git\cmd;C:\Program Files\Git\mingw64\bin;C:\Program Files\Git\usr\bin;C:\WINDOWS\system32;C:\WINDOWS;C:\WINDOWS\System32\Wbem;C:\WINDOWS\System32\WindowsPowerShell\v1.0\;C:\WINDOWS\System32\OpenSSH\;C:\Program Files\PuTTY\;C:\Program Files\dotnet\;C:\Program Files (x86)\Intel\Intel(R) Management Engine Components\DAL;C:\Program Files\Intel\Intel(R) Management Engine Components\DAL;C:\Program Files\apache-maven-3.9.1\bin;C:\Program Files\nodejs\;C:\Users\sandy\AppData\Local\Programs\Python\Python38-32\Scripts\;C:\Users\sandy\AppData\Local\Programs\Python\Python38-32\;C:\Users\sandy\AppData\Local\Microsoft\WindowsApps;C:\Users\sandy\AppData\Local\atom\bin;C:\Program Files\heroku\bin;C:\Users\sandy\AppData\Local\Microsoft\WindowsApps;C:\Program Files (x86)\mingw-w64\i686-8.1.0-posix-dwarf-rt_v6-rev0\mingw32\bin;C:\Program Files\JetBrains\IntelliJ IDEA Community Edition 2022.3.3\bin;;C:\Program Files (x86)\MongoDB Atlas CLI\;C:\Program Files\MongoDB\Tools\100\bin;C:\Program Files\MongoDB\Server\6.0\bin;C:\Users\sandy\AppData\Local\Programs\Microsoft VS Code\bin;C:\Users\sandy\AppData\Local\flutter\bin;C:\Users\sandy\AppData\Local\Android\Sdk;C:\Users\sandy\AppData\Local\Android\Sdk\platform-tools;C:\Users\sandy\AppData\Roaming\npm;C:\Users\sandy\AppData\Local\Programs\cursor\resources\app\bin
USERNAME=sandy
OS=Windows_NT
PROCESSOR_IDENTIFIER=Intel64 Family 6 Model 142 Stepping 10, GenuineIntel
TMP=C:\Users\sandy\AppData\Local\Temp
TEMP=C:\Users\sandy\AppData\Local\Temp




Periodic native trim disabled

---------------  S Y S T E M  ---------------

OS:
 Windows 11 , 64 bit Build 22621 (10.0.22621.5415)
OS uptime: 10 days 2:47 hours
Hyper-V role detected

CPU: total 8 (initial active 8) (4 cores per cpu, 2 threads per core) family 6 model 142 stepping 10 microcode 0xf0, cx8, cmov, fxsr, ht, mmx, 3dnowpref, sse, sse2, sse3, ssse3, sse4.1, sse4.2, popcnt, lzcnt, tsc, tscinvbit, avx, avx2, aes, erms, clmul, bmi1, bmi2, adx, fma, vzeroupper, clflush, clflushopt, hv, rdtscp, f16c
Processor Information for the first 8 processors :
  Max Mhz: 1992, Current Mhz: 1792, Mhz Limit: 1792

Memory: 4k page, system-wide physical 8088M (598M free)
TotalPageFile size 18944M (AvailPageFile size 0M)
current process WorkingSet (physical memory assigned to process): 314M, peak: 690M
current process commit charge ("private bytes"): 706M, peak: 710M

vm_info: OpenJDK 64-Bit Server VM (21.0.10+7-LTS) for windows-amd64 JRE (21.0.10+7-LTS), built on 2026-01-20T00:00:00Z by "admin" with MS VC++ 17.12 (VS2022)

END.
